<?xml version="1.0" encoding="UTF-8"?>
<testsuite xmlns:xsi="http://www.w3.org/2001/XMLSchema-instance" xsi:noNamespaceSchemaLocation="https://maven.apache.org/surefire/maven-surefire-plugin/xsd/surefire-test-report-3.0.xsd" version="3.0" name="com.library.cost.CostServiceImplTest" time="1.724" tests="4" errors="0" skipped="0" failures="0">
  <properties>
[...]
</properties>
  <testcase name="roleFilterRestrictsLaborRows" classname="com.library.cost.CostServiceImplTest" time="1.623"/>
  <testcase name="invalidDimensionRejected" classname="com.library.cost.CostServiceImplTest" time="0.005"/>
  <testcase name="departmentDimensionGroupsByDepartment" classname="com.library.cost.CostServiceImplTest" time="0.006"/>
  <testcase name="summaryAggregatesTotalsAndTrend" classname="com.library.cost.CostServiceImplTest" time="0.074"/>
</testsuite>